<?xml version="1.0" encoding="UTF-8"?>
<!-- Generated by org.testng.reporters.JUnitReportReporter -->
<testsuite hostname="Naeem" failures="0" tests="2" name="Automation.test.LoginPage" time="7.035" errors="0" timestamp="2024-07-22T21:23:43 PKT" skipped="0">
  <testcase classname="Automation.test.LoginPage" name="LoginWithValidUsernameValidPassword" time="2.758"/>
  <testcase classname="Automation.test.LoginPage" name="LoginWithInvalidUsernameInvalidPassword" time="4.277"/>
</testsuite> <!-- Automation.test.LoginPage -->
