<?xml version="1.0" encoding="UTF-8"?>
<!-- Generated by org.testng.reporters.JUnitReportReporter -->
<testsuite hostname="Naeem" failures="0" tests="4" name="Automation.test.LoginPage" time="8.035" errors="0" timestamp="2024-07-22T21:41:11 PKT" skipped="0">
  <testcase classname="Automation.test.LoginPage" name="LoginWithValidUsernameValidPassword" time="2.875"/>
  <testcase classname="Automation.test.LoginPage" name="LoginWithInvalidUsernameInvalidPassword" time="2.060"/>
  <testcase classname="Automation.test.LoginPage" name="LoginWithvalidUsernameInvalidPassword" time="1.600"/>
  <testcase classname="Automation.test.LoginPage" name="LoginWithInvalidUsernamevalidPassword" time="1.500"/>
</testsuite> <!-- Automation.test.LoginPage -->
